<?xml version="1.0" encoding="UTF-8"?>
<!-- Generated by org.testng.reporters.JUnitReportReporter -->
<testsuite hostname="LM-MAA-22004742" failures="0" tests="1" name="case_study.SampleTest" time="0.010" errors="0" timestamp="8 Aug 2019 05:31:10 GMT">
  <testcase classname="case_study.SampleTest" name="method1" time="0.010"/>
</testsuite> <!-- case_study.SampleTest -->
