<?xml version="1.0" encoding="UTF-8"?>
<!-- Generated by org.testng.reporters.JUnitReportReporter -->
<testsuite hostname="LM-MAA-22004742" failures="0" tests="2" name="case_study.TestSearchFeature" time="20.529" errors="0" timestamp="19 Aug 2019 17:38:41 GMT">
  <testcase classname="case_study.TestSearchFeature" name="validateProductsSearch" time="11.146"/>
  <testcase classname="case_study.TestSearchFeature" name="validateProductsSearch" time="9.383"/>
</testsuite> <!-- case_study.TestSearchFeature -->
